#! /usr/local/iverilog/bin/vvp
:ivl_version "11.0 (devel)" "(s20150603-642-g3bdb50da)";
:ivl_delay_selection "TYPICAL";
:vpi_time_precision - 11;
:vpi_module "system";
:vpi_module "vhdl_sys";
:vpi_module "vhdl_textio";
:vpi_module "v2005_math";
:vpi_module "va_math";
S_00000000008b4be0 .scope module, "test" "test" 2 26;
 .timescale -9 -11;
P_0000000000873c30 .param/l "CMD_N_PAT" 0 2 28, +C4<00000000000000000000000000101110>;
P_0000000000873c68 .param/l "IMAGE_N_PAT" 0 2 27, +C4<00000000000000000000000001000000>;
P_0000000000873ca0 .param/real "t_reset" 0 2 29, Cr<m5000000000000000gfc6>; value=20.0000
v000000000091fc50_0 .net "IRAM_A", 5 0, v000000000086d8c0_0;  1 drivers
v000000000091f7f0_0 .net "IRAM_D", 7 0, v000000000086cec0_0;  1 drivers
v0000000000920330_0 .net "IRAM_valid", 0 0, v000000000086d780_0;  1 drivers
v0000000000920470_0 .net "IROM_A", 5 0, v000000000086d3c0_0;  1 drivers
v0000000000920bf0_0 .net "IROM_Q", 7 0, v000000000086d6e0_0;  1 drivers
v000000000091fa70_0 .net "IROM_rd", 0 0, v000000000086d820_0;  1 drivers
v0000000000920a10_0 .net "busy", 0 0, v00000000009200b0_0;  1 drivers
v0000000000920b50_0 .var "clk", 0 0;
v000000000091fcf0_0 .var "cmd", 3 0;
v000000000091f2f0 .array "cmd_mem", 45 0, 3 0;
v000000000091fed0_0 .var "cmd_valid", 0 0;
v0000000000920e70_0 .net "done", 0 0, v0000000000920f10_0;  1 drivers
v000000000091f070_0 .var/i "err", 31 0;
v000000000091f890_0 .var/i "k", 31 0;
v0000000000920c90_0 .var/i "l", 31 0;
v000000000091f390 .array "out_mem", 63 0, 7 0;
v00000000009205b0_0 .var "over", 0 0;
v0000000000920510_0 .var "reset", 0 0;
E_00000000008c1e80 .event posedge, v0000000000920f10_0;
S_00000000008c7f70 .scope module, "IRAM_1" "IRAM" 2 65, 2 190 0, S_00000000008b4be0;
 .timescale -9 -11;
    .port_info 0 /INPUT 1 "IRAM_valid";
    .port_info 1 /INPUT 8 "IRAM_data";
    .port_info 2 /INPUT 6 "IRAM_addr";
    .port_info 3 /INPUT 1 "clk";
v000000000086dbe0 .array "IRAM_M", 63 0, 7 0;
v000000000086d280_0 .net "IRAM_addr", 5 0, v000000000086d8c0_0;  alias, 1 drivers
v000000000086da00_0 .net "IRAM_data", 7 0, v000000000086cec0_0;  alias, 1 drivers
v000000000086ce20_0 .net "IRAM_valid", 0 0, v000000000086d780_0;  alias, 1 drivers
v000000000086d460_0 .net "clk", 0 0, v0000000000920b50_0;  1 drivers
v000000000086d320_0 .var/i "i", 31 0;
E_00000000008c2400 .event negedge, v000000000086d460_0;
S_00000000008b1530 .scope module, "IROM_1" "IROM" 2 63, 2 165 0, S_00000000008b4be0;
 .timescale -9 -11;
    .port_info 0 /INPUT 1 "IROM_rd";
    .port_info 1 /OUTPUT 8 "IROM_data";
    .port_info 2 /INPUT 6 "IROM_addr";
    .port_info 3 /INPUT 1 "clk";
    .port_info 4 /INPUT 1 "reset";
v000000000086dc80_0 .net "IROM_addr", 5 0, v000000000086d3c0_0;  alias, 1 drivers
v000000000086d6e0_0 .var "IROM_data", 7 0;
v000000000086d000_0 .net "IROM_rd", 0 0, v000000000086d820_0;  alias, 1 drivers
v000000000086d640_0 .net "clk", 0 0, v0000000000920b50_0;  alias, 1 drivers
v000000000086d5a0_0 .net "reset", 0 0, v0000000000920510_0;  1 drivers
v000000000086cd80 .array "sti_M", 63 0, 7 0;
E_00000000008c2640 .event negedge, v000000000086d5a0_0;
S_00000000008b16c0 .scope module, "LCD_CTRL" "LCD_CTRL" 2 57, 3 1 0, S_00000000008b4be0;
 .timescale -9 -11;
    .port_info 0 /INPUT 1 "clk";
    .port_info 1 /INPUT 1 "reset";
    .port_info 2 /INPUT 4 "cmd";
    .port_info 3 /INPUT 1 "cmd_valid";
    .port_info 4 /INPUT 8 "IROM_Q";
    .port_info 5 /OUTPUT 1 "IROM_rd";
    .port_info 6 /OUTPUT 6 "IROM_A";
    .port_info 7 /OUTPUT 1 "IRAM_valid";
    .port_info 8 /OUTPUT 8 "IRAM_D";
    .port_info 9 /OUTPUT 6 "IRAM_A";
    .port_info 10 /OUTPUT 1 "busy";
    .port_info 11 /OUTPUT 1 "done";
P_00000000008c8100 .param/l "IDLE_CMD" 0 3 17, C4<01>;
P_00000000008c8138 .param/l "OP" 0 3 18, C4<10>;
P_00000000008c8170 .param/l "READ" 0 3 16, C4<00>;
P_00000000008c81a8 .param/l "WRITE" 0 3 19, C4<11>;
v000000000086d8c0_0 .var "IRAM_A", 5 0;
v000000000086cec0_0 .var "IRAM_D", 7 0;
v000000000086d780_0 .var "IRAM_valid", 0 0;
v000000000086d3c0_0 .var "IROM_A", 5 0;
v000000000086d0a0_0 .net "IROM_Q", 7 0, v000000000086d6e0_0;  alias, 1 drivers
v000000000086d820_0 .var "IROM_rd", 0 0;
v000000000086db40 .array "ImageBuffer", 0 63, 7 0;
v000000000086daa0_0 .var "P0", 5 0;
v00000000009201f0_0 .net "P1", 5 0, L_000000000091f430;  1 drivers
v000000000091f6b0_0 .net "P2", 5 0, L_000000000091f570;  1 drivers
v000000000091f930_0 .net "P3", 5 0, L_00000000009203d0;  1 drivers
L_0000000001440088 .functor BUFT 1, C4<000001>, C4<0>, C4<0>, C4<0>;
v000000000091f110_0 .net/2u *"_s0", 5 0, L_0000000001440088;  1 drivers
L_00000000014400d0 .functor BUFT 1, C4<001000>, C4<0>, C4<0>, C4<0>;
v0000000000920ab0_0 .net/2u *"_s4", 5 0, L_00000000014400d0;  1 drivers
L_0000000001440118 .functor BUFT 1, C4<001001>, C4<0>, C4<0>, C4<0>;
v000000000091fd90_0 .net/2u *"_s8", 5 0, L_0000000001440118;  1 drivers
v00000000009200b0_0 .var "busy", 0 0;
v000000000091fe30_0 .net "clk", 0 0, v0000000000920b50_0;  alias, 1 drivers
v000000000091f250_0 .net "cmd", 3 0, v000000000091fcf0_0;  1 drivers
v0000000000920150_0 .net "cmd_valid", 0 0, v000000000091fed0_0;  1 drivers
v000000000091fb10_0 .var "cmpMax", 5 0;
v000000000091f1b0_0 .var "cmpMin", 5 0;
v000000000091fbb0_0 .var "counter", 5 0;
v0000000000920f10_0 .var "done", 0 0;
v00000000009208d0_0 .net "reset", 0 0, v0000000000920510_0;  alias, 1 drivers
v0000000000920290_0 .var "state_cs", 1 0;
v000000000091f750_0 .var "state_ns", 1 0;
v0000000000920010_0 .var "sum", 9 0;
E_00000000008c2340 .event posedge, v000000000086d460_0;
v000000000086db40_0 .array/port v000000000086db40, 0;
v000000000086db40_1 .array/port v000000000086db40, 1;
v000000000086db40_2 .array/port v000000000086db40, 2;
E_00000000008c1a00/0 .event edge, v000000000086daa0_0, v000000000086db40_0, v000000000086db40_1, v000000000086db40_2;
v000000000086db40_3 .array/port v000000000086db40, 3;
v000000000086db40_4 .array/port v000000000086db40, 4;
v000000000086db40_5 .array/port v000000000086db40, 5;
v000000000086db40_6 .array/port v000000000086db40, 6;
E_00000000008c1a00/1 .event edge, v000000000086db40_3, v000000000086db40_4, v000000000086db40_5, v000000000086db40_6;
v000000000086db40_7 .array/port v000000000086db40, 7;
v000000000086db40_8 .array/port v000000000086db40, 8;
v000000000086db40_9 .array/port v000000000086db40, 9;
v000000000086db40_10 .array/port v000000000086db40, 10;
E_00000000008c1a00/2 .event edge, v000000000086db40_7, v000000000086db40_8, v000000000086db40_9, v000000000086db40_10;
v000000000086db40_11 .array/port v000000000086db40, 11;
v000000000086db40_12 .array/port v000000000086db40, 12;
v000000000086db40_13 .array/port v000000000086db40, 13;
v000000000086db40_14 .array/port v000000000086db40, 14;
E_00000000008c1a00/3 .event edge, v000000000086db40_11, v000000000086db40_12, v000000000086db40_13, v000000000086db40_14;
v000000000086db40_15 .array/port v000000000086db40, 15;
v000000000086db40_16 .array/port v000000000086db40, 16;
v000000000086db40_17 .array/port v000000000086db40, 17;
v000000000086db40_18 .array/port v000000000086db40, 18;
E_00000000008c1a00/4 .event edge, v000000000086db40_15, v000000000086db40_16, v000000000086db40_17, v000000000086db40_18;
v000000000086db40_19 .array/port v000000000086db40, 19;
v000000000086db40_20 .array/port v000000000086db40, 20;
v000000000086db40_21 .array/port v000000000086db40, 21;
v000000000086db40_22 .array/port v000000000086db40, 22;
E_00000000008c1a00/5 .event edge, v000000000086db40_19, v000000000086db40_20, v000000000086db40_21, v000000000086db40_22;
v000000000086db40_23 .array/port v000000000086db40, 23;
v000000000086db40_24 .array/port v000000000086db40, 24;
v000000000086db40_25 .array/port v000000000086db40, 25;
v000000000086db40_26 .array/port v000000000086db40, 26;
E_00000000008c1a00/6 .event edge, v000000000086db40_23, v000000000086db40_24, v000000000086db40_25, v000000000086db40_26;
v000000000086db40_27 .array/port v000000000086db40, 27;
v000000000086db40_28 .array/port v000000000086db40, 28;
v000000000086db40_29 .array/port v000000000086db40, 29;
v000000000086db40_30 .array/port v000000000086db40, 30;
E_00000000008c1a00/7 .event edge, v000000000086db40_27, v000000000086db40_28, v000000000086db40_29, v000000000086db40_30;
v000000000086db40_31 .array/port v000000000086db40, 31;
v000000000086db40_32 .array/port v000000000086db40, 32;
v000000000086db40_33 .array/port v000000000086db40, 33;
v000000000086db40_34 .array/port v000000000086db40, 34;
E_00000000008c1a00/8 .event edge, v000000000086db40_31, v000000000086db40_32, v000000000086db40_33, v000000000086db40_34;
v000000000086db40_35 .array/port v000000000086db40, 35;
v000000000086db40_36 .array/port v000000000086db40, 36;
v000000000086db40_37 .array/port v000000000086db40, 37;
v000000000086db40_38 .array/port v000000000086db40, 38;
E_00000000008c1a00/9 .event edge, v000000000086db40_35, v000000000086db40_36, v000000000086db40_37, v000000000086db40_38;
v000000000086db40_39 .array/port v000000000086db40, 39;
v000000000086db40_40 .array/port v000000000086db40, 40;
v000000000086db40_41 .array/port v000000000086db40, 41;
v000000000086db40_42 .array/port v000000000086db40, 42;
E_00000000008c1a00/10 .event edge, v000000000086db40_39, v000000000086db40_40, v000000000086db40_41, v000000000086db40_42;
v000000000086db40_43 .array/port v000000000086db40, 43;
v000000000086db40_44 .array/port v000000000086db40, 44;
v000000000086db40_45 .array/port v000000000086db40, 45;
v000000000086db40_46 .array/port v000000000086db40, 46;
E_00000000008c1a00/11 .event edge, v000000000086db40_43, v000000000086db40_44, v000000000086db40_45, v000000000086db40_46;
v000000000086db40_47 .array/port v000000000086db40, 47;
v000000000086db40_48 .array/port v000000000086db40, 48;
v000000000086db40_49 .array/port v000000000086db40, 49;
v000000000086db40_50 .array/port v000000000086db40, 50;
E_00000000008c1a00/12 .event edge, v000000000086db40_47, v000000000086db40_48, v000000000086db40_49, v000000000086db40_50;
v000000000086db40_51 .array/port v000000000086db40, 51;
v000000000086db40_52 .array/port v000000000086db40, 52;
v000000000086db40_53 .array/port v000000000086db40, 53;
v000000000086db40_54 .array/port v000000000086db40, 54;
E_00000000008c1a00/13 .event edge, v000000000086db40_51, v000000000086db40_52, v000000000086db40_53, v000000000086db40_54;
v000000000086db40_55 .array/port v000000000086db40, 55;
v000000000086db40_56 .array/port v000000000086db40, 56;
v000000000086db40_57 .array/port v000000000086db40, 57;
v000000000086db40_58 .array/port v000000000086db40, 58;
E_00000000008c1a00/14 .event edge, v000000000086db40_55, v000000000086db40_56, v000000000086db40_57, v000000000086db40_58;
v000000000086db40_59 .array/port v000000000086db40, 59;
v000000000086db40_60 .array/port v000000000086db40, 60;
v000000000086db40_61 .array/port v000000000086db40, 61;
v000000000086db40_62 .array/port v000000000086db40, 62;
E_00000000008c1a00/15 .event edge, v000000000086db40_59, v000000000086db40_60, v000000000086db40_61, v000000000086db40_62;
v000000000086db40_63 .array/port v000000000086db40, 63;
E_00000000008c1a00/16 .event edge, v000000000086db40_63, v00000000009201f0_0, v000000000091f6b0_0, v000000000091f930_0;
E_00000000008c1a00 .event/or E_00000000008c1a00/0, E_00000000008c1a00/1, E_00000000008c1a00/2, E_00000000008c1a00/3, E_00000000008c1a00/4, E_00000000008c1a00/5, E_00000000008c1a00/6, E_00000000008c1a00/7, E_00000000008c1a00/8, E_00000000008c1a00/9, E_00000000008c1a00/10, E_00000000008c1a00/11, E_00000000008c1a00/12, E_00000000008c1a00/13, E_00000000008c1a00/14, E_00000000008c1a00/15, E_00000000008c1a00/16;
E_00000000008c1d40 .event edge, v0000000000920290_0;
E_00000000008c1900 .event edge, v0000000000920290_0, v000000000086dc80_0, v0000000000920150_0, v000000000091f250_0;
E_00000000008c20c0 .event posedge, v000000000086d5a0_0, v000000000086d460_0;
L_000000000091f430 .arith/sum 6, v000000000086daa0_0, L_0000000001440088;
L_000000000091f570 .arith/sum 6, v000000000086daa0_0, L_00000000014400d0;
L_00000000009203d0 .arith/sum 6, v000000000086daa0_0, L_0000000001440118;
    .scope S_00000000008b16c0;
T_0 ;
    %wait E_00000000008c20c0;
    %load/vec4 v00000000009208d0_0;
    %flag_set/vec4 8;
    %jmp/0xz  T_0.0, 8;
    %pushi/vec4 0, 0, 2;
    %assign/vec4 v0000000000920290_0, 0;
    %jmp T_0.1;
T_0.0 ;
    %load/vec4 v000000000091f750_0;
    %assign/vec4 v0000000000920290_0, 0;
T_0.1 ;
    %jmp T_0;
    .thread T_0;
    .scope S_00000000008b16c0;
T_1 ;
    %wait E_00000000008c1900;
    %load/vec4 v0000000000920290_0;
    %dup/vec4;
    %pushi/vec4 0, 0, 2;
    %cmp/u;
    %jmp/1 T_1.0, 6;
    %dup/vec4;
    %pushi/vec4 1, 0, 2;
    %cmp/u;
    %jmp/1 T_1.1, 6;
    %dup/vec4;
    %pushi/vec4 2, 0, 2;
    %cmp/u;
    %jmp/1 T_1.2, 6;
    %dup/vec4;
    %pushi/vec4 3, 0, 2;
    %cmp/u;
    %jmp/1 T_1.3, 6;
    %jmp T_1.4;
T_1.0 ;
    %load/vec4 v000000000086d3c0_0;
    %cmpi/e 63, 0, 6;
    %jmp/0xz  T_1.5, 4;
    %pushi/vec4 1, 0, 2;
    %store/vec4 v000000000091f750_0, 0, 2;
    %jmp T_1.6;
T_1.5 ;
    %pushi/vec4 0, 0, 2;
    %store/vec4 v000000000091f750_0, 0, 2;
T_1.6 ;
    %jmp T_1.4;
T_1.1 ;
    %load/vec4 v0000000000920150_0;
    %load/vec4 v000000000091f250_0;
    %pushi/vec4 0, 0, 4;
    %cmp/ne;
    %flag_get/vec4 4;
    %and;
    %flag_set/vec4 8;
    %jmp/0xz  T_1.7, 8;
    %pushi/vec4 2, 0, 2;
    %store/vec4 v000000000091f750_0, 0, 2;
    %jmp T_1.8;
T_1.7 ;
    %load/vec4 v0000000000920150_0;
    %load/vec4 v000000000091f250_0;
    %pushi/vec4 0, 0, 4;
    %cmp/e;
    %flag_get/vec4 4;
    %and;
    %flag_set/vec4 8;
    %jmp/0xz  T_1.9, 8;
    %pushi/vec4 3, 0, 2;
    %store/vec4 v000000000091f750_0, 0, 2;
    %jmp T_1.10;
T_1.9 ;
    %pushi/vec4 1, 0, 2;
    %store/vec4 v000000000091f750_0, 0, 2;
T_1.10 ;
T_1.8 ;
    %jmp T_1.4;
T_1.2 ;
    %pushi/vec4 1, 0, 2;
    %store/vec4 v000000000091f750_0, 0, 2;
    %jmp T_1.4;
T_1.3 ;
    %pushi/vec4 3, 0, 2;
    %store/vec4 v000000000091f750_0, 0, 2;
    %jmp T_1.4;
T_1.4 ;
    %pop/vec4 1;
    %jmp T_1;
    .thread T_1, $push;
    .scope S_00000000008b16c0;
T_2 ;
    %wait E_00000000008c1d40;
    %load/vec4 v0000000000920290_0;
    %dup/vec4;
    %pushi/vec4 0, 0, 2;
    %cmp/u;
    %jmp/1 T_2.0, 6;
    %dup/vec4;
    %pushi/vec4 1, 0, 2;
    %cmp/u;
    %jmp/1 T_2.1, 6;
    %dup/vec4;
    %pushi/vec4 2, 0, 2;
    %cmp/u;
    %jmp/1 T_2.2, 6;
    %dup/vec4;
    %pushi/vec4 3, 0, 2;
    %cmp/u;
    %jmp/1 T_2.3, 6;
    %jmp T_2.4;
T_2.0 ;
    %pushi/vec4 1, 0, 1;
    %store/vec4 v000000000086d820_0, 0, 1;
    %pushi/vec4 0, 0, 1;
    %store/vec4 v000000000086d780_0, 0, 1;
    %pushi/vec4 1, 0, 1;
    %store/vec4 v00000000009200b0_0, 0, 1;
    %jmp T_2.4;
T_2.1 ;
    %pushi/vec4 0, 0, 1;
    %store/vec4 v000000000086d820_0, 0, 1;
    %pushi/vec4 0, 0, 1;
    %store/vec4 v000000000086d780_0, 0, 1;
    %pushi/vec4 0, 0, 1;
    %store/vec4 v00000000009200b0_0, 0, 1;
    %jmp T_2.4;
T_2.2 ;
    %pushi/vec4 0, 0, 1;
    %store/vec4 v000000000086d820_0, 0, 1;
    %pushi/vec4 0, 0, 1;
    %store/vec4 v000000000086d780_0, 0, 1;
    %pushi/vec4 1, 0, 1;
    %store/vec4 v00000000009200b0_0, 0, 1;
    %jmp T_2.4;
T_2.3 ;
    %pushi/vec4 0, 0, 1;
    %store/vec4 v000000000086d820_0, 0, 1;
    %pushi/vec4 1, 0, 1;
    %store/vec4 v000000000086d780_0, 0, 1;
    %pushi/vec4 1, 0, 1;
    %store/vec4 v00000000009200b0_0, 0, 1;
    %jmp T_2.4;
T_2.4 ;
    %pop/vec4 1;
    %jmp T_2;
    .thread T_2, $push;
    .scope S_00000000008b16c0;
T_3 ;
    %wait E_00000000008c2340;
    %load/vec4 v00000000009208d0_0;
    %cmpi/e 1, 0, 1;
    %jmp/0xz  T_3.0, 4;
    %pushi/vec4 0, 0, 6;
    %assign/vec4 v000000000086d3c0_0, 0;
    %jmp T_3.1;
T_3.0 ;
    %load/vec4 v000000000086d820_0;
    %cmpi/e 1, 0, 1;
    %jmp/0xz  T_3.2, 4;
    %load/vec4 v000000000086d3c0_0;
    %cmpi/e 63, 0, 6;
    %jmp/0xz  T_3.4, 4;
    %pushi/vec4 0, 0, 6;
    %assign/vec4 v000000000086d3c0_0, 0;
    %jmp T_3.5;
T_3.4 ;
    %load/vec4 v000000000086d3c0_0;
    %addi 1, 0, 6;
    %assign/vec4 v000000000086d3c0_0, 0;
T_3.5 ;
T_3.2 ;
T_3.1 ;
    %jmp T_3;
    .thread T_3;
    .scope S_00000000008b16c0;
T_4 ;
    %wait E_00000000008c2340;
    %load/vec4 v00000000009208d0_0;
    %cmpi/e 1, 0, 1;
    %jmp/0xz  T_4.0, 4;
    %pushi/vec4 0, 0, 6;
    %assign/vec4 v000000000091fbb0_0, 0;
    %jmp T_4.1;
T_4.0 ;
    %load/vec4 v000000000086d780_0;
    %cmpi/e 1, 0, 1;
    %jmp/0xz  T_4.2, 4;
    %load/vec4 v000000000091fbb0_0;
    %cmpi/e 63, 0, 6;
    %jmp/0xz  T_4.4, 4;
    %load/vec4 v000000000091fbb0_0;
    %assign/vec4 v000000000091fbb0_0, 0;
    %jmp T_4.5;
T_4.4 ;
    %load/vec4 v000000000091fbb0_0;
    %addi 1, 0, 6;
    %assign/vec4 v000000000091fbb0_0, 0;
T_4.5 ;
T_4.2 ;
T_4.1 ;
    %jmp T_4;
    .thread T_4;
    .scope S_00000000008b16c0;
T_5 ;
    %wait E_00000000008c2340;
    %load/vec4 v000000000091fbb0_0;
    %assign/vec4 v000000000086d8c0_0, 0;
    %jmp T_5;
    .thread T_5;
    .scope S_00000000008b16c0;
T_6 ;
    %wait E_00000000008c2340;
    %load/vec4 v00000000009208d0_0;
    %cmpi/e 1, 0, 1;
    %jmp/0xz  T_6.0, 4;
    %pushi/vec4 27, 0, 6;
    %assign/vec4 v000000000086daa0_0, 0;
    %jmp T_6.1;
T_6.0 ;
    %load/vec4 v0000000000920290_0;
    %cmpi/e 1, 0, 2;
    %jmp/0xz  T_6.2, 4;
    %load/vec4 v000000000091f250_0;
    %dup/vec4;
    %pushi/vec4 1, 0, 4;
    %cmp/u;
    %jmp/1 T_6.4, 6;
    %dup/vec4;
    %pushi/vec4 2, 0, 4;
    %cmp/u;
    %jmp/1 T_6.5, 6;
    %dup/vec4;
    %pushi/vec4 3, 0, 4;
    %cmp/u;
    %jmp/1 T_6.6, 6;
    %dup/vec4;
    %pushi/vec4 4, 0, 4;
    %cmp/u;
    %jmp/1 T_6.7, 6;
    %jmp T_6.8;
T_6.4 ;
    %load/vec4 v000000000086daa0_0;
    %cmpi/u 7, 0, 6;
    %flag_or 5, 4; GT is !LE
    %flag_inv 5;
    %jmp/0xz  T_6.9, 5;
    %load/vec4 v000000000086daa0_0;
    %subi 8, 0, 6;
    %assign/vec4 v000000000086daa0_0, 0;
    %jmp T_6.10;
T_6.9 ;
    %load/vec4 v000000000086daa0_0;
    %assign/vec4 v000000000086daa0_0, 0;
T_6.10 ;
    %jmp T_6.8;
T_6.5 ;
    %load/vec4 v000000000086daa0_0;
    %cmpi/u 48, 0, 6;
    %jmp/0xz  T_6.11, 5;
    %load/vec4 v000000000086daa0_0;
    %addi 8, 0, 6;
    %assign/vec4 v000000000086daa0_0, 0;
    %jmp T_6.12;
T_6.11 ;
    %load/vec4 v000000000086daa0_0;
    %assign/vec4 v000000000086daa0_0, 0;
T_6.12 ;
    %jmp T_6.8;
T_6.6 ;
    %load/vec4 v000000000086daa0_0;
    %cmpi/e 0, 0, 6;
    %flag_mov 8, 4;
    %load/vec4 v000000000086daa0_0;
    %cmpi/e 8, 0, 6;
    %flag_or 4, 8;
    %flag_mov 8, 4;
    %load/vec4 v000000000086daa0_0;
    %cmpi/e 16, 0, 6;
    %flag_or 4, 8;
    %flag_mov 8, 4;
    %load/vec4 v000000000086daa0_0;
    %cmpi/e 24, 0, 6;
    %flag_or 4, 8;
    %flag_mov 8, 4;
    %load/vec4 v000000000086daa0_0;
    %cmpi/e 32, 0, 6;
    %flag_or 4, 8;
    %flag_mov 8, 4;
    %load/vec4 v000000000086daa0_0;
    %cmpi/e 40, 0, 6;
    %flag_or 4, 8;
    %flag_mov 8, 4;
    %load/vec4 v000000000086daa0_0;
    %cmpi/e 48, 0, 6;
    %flag_or 4, 8;
    %flag_mov 8, 4;
    %load/vec4 v000000000086daa0_0;
    %cmpi/e 56, 0, 6;
    %flag_or 4, 8;
    %jmp/0xz  T_6.13, 4;
    %load/vec4 v000000000086daa0_0;
    %assign/vec4 v000000000086daa0_0, 0;
    %jmp T_6.14;
T_6.13 ;
    %load/vec4 v000000000086daa0_0;
    %subi 1, 0, 6;
    %assign/vec4 v000000000086daa0_0, 0;
T_6.14 ;
    %jmp T_6.8;
T_6.7 ;
    %load/vec4 v000000000086daa0_0;
    %cmpi/e 6, 0, 6;
    %flag_mov 8, 4;
    %load/vec4 v000000000086daa0_0;
    %cmpi/e 14, 0, 6;
    %flag_or 4, 8;
    %flag_mov 8, 4;
    %load/vec4 v000000000086daa0_0;
    %cmpi/e 22, 0, 6;
    %flag_or 4, 8;
    %flag_mov 8, 4;
    %load/vec4 v000000000086daa0_0;
    %cmpi/e 30, 0, 6;
    %flag_or 4, 8;
    %flag_mov 8, 4;
    %load/vec4 v000000000086daa0_0;
    %cmpi/e 38, 0, 6;
    %flag_or 4, 8;
    %flag_mov 8, 4;
    %load/vec4 v000000000086daa0_0;
    %cmpi/e 46, 0, 6;
    %flag_or 4, 8;
    %flag_mov 8, 4;
    %load/vec4 v000000000086daa0_0;
    %cmpi/e 54, 0, 6;
    %flag_or 4, 8;
    %flag_mov 8, 4;
    %load/vec4 v000000000086daa0_0;
    %cmpi/e 62, 0, 6;
    %flag_or 4, 8;
    %jmp/0xz  T_6.15, 4;
    %load/vec4 v000000000086daa0_0;
    %assign/vec4 v000000000086daa0_0, 0;
    %jmp T_6.16;
T_6.15 ;
    %load/vec4 v000000000086daa0_0;
    %addi 1, 0, 6;
    %assign/vec4 v000000000086daa0_0, 0;
T_6.16 ;
    %jmp T_6.8;
T_6.8 ;
    %pop/vec4 1;
T_6.2 ;
T_6.1 ;
    %jmp T_6;
    .thread T_6;
    .scope S_00000000008b16c0;
T_7 ;
    %wait E_00000000008c1a00;
    %load/vec4 v00000000009201f0_0;
    %pad/u 8;
    %ix/vec4 4;
    %load/vec4a v000000000086db40, 4;
    %load/vec4 v000000000086daa0_0;
    %pad/u 8;
    %ix/vec4 4;
    %load/vec4a v000000000086db40, 4;
    %cmp/u;
    %flag_get/vec4 4;
    %flag_get/vec4 5;
    %or;
    %load/vec4 v000000000091f6b0_0;
    %pad/u 8;
    %ix/vec4 4;
    %load/vec4a v000000000086db40, 4;
    %load/vec4 v000000000086daa0_0;
    %pad/u 8;
    %ix/vec4 4;
    %load/vec4a v000000000086db40, 4;
    %cmp/u;
    %flag_get/vec4 4;
    %flag_get/vec4 5;
    %or;
    %and;
    %load/vec4 v000000000091f930_0;
    %pad/u 8;
    %ix/vec4 4;
    %load/vec4a v000000000086db40, 4;
    %load/vec4 v000000000086daa0_0;
    %pad/u 8;
    %ix/vec4 4;
    %load/vec4a v000000000086db40, 4;
    %cmp/u;
    %flag_get/vec4 4;
    %flag_get/vec4 5;
    %or;
    %and;
    %flag_set/vec4 8;
    %jmp/0xz  T_7.0, 8;
    %load/vec4 v000000000086daa0_0;
    %store/vec4 v000000000091fb10_0, 0, 6;
    %jmp T_7.1;
T_7.0 ;
    %load/vec4 v000000000086daa0_0;
    %pad/u 8;
    %ix/vec4 4;
    %load/vec4a v000000000086db40, 4;
    %load/vec4 v00000000009201f0_0;
    %pad/u 8;
    %ix/vec4 4;
    %load/vec4a v000000000086db40, 4;
    %cmp/u;
    %flag_get/vec4 4;
    %flag_get/vec4 5;
    %or;
    %load/vec4 v000000000091f6b0_0;
    %pad/u 8;
    %ix/vec4 4;
    %load/vec4a v000000000086db40, 4;
    %load/vec4 v00000000009201f0_0;
    %pad/u 8;
    %ix/vec4 4;
    %load/vec4a v000000000086db40, 4;
    %cmp/u;
    %flag_get/vec4 4;
    %flag_get/vec4 5;
    %or;
    %and;
    %load/vec4 v000000000091f930_0;
    %pad/u 8;
    %ix/vec4 4;
    %load/vec4a v000000000086db40, 4;
    %load/vec4 v00000000009201f0_0;
    %pad/u 8;
    %ix/vec4 4;
    %load/vec4a v000000000086db40, 4;
    %cmp/u;
    %flag_get/vec4 4;
    %flag_get/vec4 5;
    %or;
    %and;
    %flag_set/vec4 8;
    %jmp/0xz  T_7.2, 8;
    %load/vec4 v00000000009201f0_0;
    %store/vec4 v000000000091fb10_0, 0, 6;
    %jmp T_7.3;
T_7.2 ;
    %load/vec4 v000000000086daa0_0;
    %pad/u 8;
    %ix/vec4 4;
    %load/vec4a v000000000086db40, 4;
    %load/vec4 v000000000091f6b0_0;
    %pad/u 8;
    %ix/vec4 4;
    %load/vec4a v000000000086db40, 4;
    %cmp/u;
    %flag_get/vec4 4;
    %flag_get/vec4 5;
    %or;
    %load/vec4 v00000000009201f0_0;
    %pad/u 8;
    %ix/vec4 4;
    %load/vec4a v000000000086db40, 4;
    %load/vec4 v000000000091f6b0_0;
    %pad/u 8;
    %ix/vec4 4;
    %load/vec4a v000000000086db40, 4;
    %cmp/u;
    %flag_get/vec4 4;
    %flag_get/vec4 5;
    %or;
    %and;
    %load/vec4 v000000000091f930_0;
    %pad/u 8;
    %ix/vec4 4;
    %load/vec4a v000000000086db40, 4;
    %load/vec4 v000000000091f6b0_0;
    %pad/u 8;
    %ix/vec4 4;
    %load/vec4a v000000000086db40, 4;
    %cmp/u;
    %flag_get/vec4 4;
    %flag_get/vec4 5;
    %or;
    %and;
    %flag_set/vec4 8;
    %jmp/0xz  T_7.4, 8;
    %load/vec4 v000000000091f6b0_0;
    %store/vec4 v000000000091fb10_0, 0, 6;
    %jmp T_7.5;
T_7.4 ;
    %load/vec4 v000000000091f930_0;
    %store/vec4 v000000000091fb10_0, 0, 6;
T_7.5 ;
T_7.3 ;
T_7.1 ;
    %jmp T_7;
    .thread T_7, $push;
    .scope S_00000000008b16c0;
T_8 ;
    %wait E_00000000008c1a00;
    %load/vec4 v000000000086daa0_0;
    %pad/u 8;
    %ix/vec4 4;
    %load/vec4a v000000000086db40, 4;
    %load/vec4 v00000000009201f0_0;
    %pad/u 8;
    %ix/vec4 4;
    %load/vec4a v000000000086db40, 4;
    %cmp/u;
    %flag_get/vec4 4;
    %flag_get/vec4 5;
    %or;
    %load/vec4 v000000000086daa0_0;
    %pad/u 8;
    %ix/vec4 4;
    %load/vec4a v000000000086db40, 4;
    %load/vec4 v000000000091f6b0_0;
    %pad/u 8;
    %ix/vec4 4;
    %load/vec4a v000000000086db40, 4;
    %cmp/u;
    %flag_get/vec4 4;
    %flag_get/vec4 5;
    %or;
    %and;
    %load/vec4 v000000000086daa0_0;
    %pad/u 8;
    %ix/vec4 4;
    %load/vec4a v000000000086db40, 4;
    %load/vec4 v000000000091f930_0;
    %pad/u 8;
    %ix/vec4 4;
    %load/vec4a v000000000086db40, 4;
    %cmp/u;
    %flag_get/vec4 4;
    %flag_get/vec4 5;
    %or;
    %and;
    %flag_set/vec4 8;
    %jmp/0xz  T_8.0, 8;
    %load/vec4 v000000000086daa0_0;
    %store/vec4 v000000000091f1b0_0, 0, 6;
    %jmp T_8.1;
T_8.0 ;
    %load/vec4 v00000000009201f0_0;
    %pad/u 8;
    %ix/vec4 4;
    %load/vec4a v000000000086db40, 4;
    %load/vec4 v000000000086daa0_0;
    %pad/u 8;
    %ix/vec4 4;
    %load/vec4a v000000000086db40, 4;
    %cmp/u;
    %flag_get/vec4 4;
    %flag_get/vec4 5;
    %or;
    %load/vec4 v00000000009201f0_0;
    %pad/u 8;
    %ix/vec4 4;
    %load/vec4a v000000000086db40, 4;
    %load/vec4 v000000000091f6b0_0;
    %pad/u 8;
    %ix/vec4 4;
    %load/vec4a v000000000086db40, 4;
    %cmp/u;
    %flag_get/vec4 4;
    %flag_get/vec4 5;
    %or;
    %and;
    %load/vec4 v00000000009201f0_0;
    %pad/u 8;
    %ix/vec4 4;
    %load/vec4a v000000000086db40, 4;
    %load/vec4 v000000000091f930_0;
    %pad/u 8;
    %ix/vec4 4;
    %load/vec4a v000000000086db40, 4;
    %cmp/u;
    %flag_get/vec4 4;
    %flag_get/vec4 5;
    %or;
    %and;
    %flag_set/vec4 8;
    %jmp/0xz  T_8.2, 8;
    %load/vec4 v00000000009201f0_0;
    %store/vec4 v000000000091f1b0_0, 0, 6;
    %jmp T_8.3;
T_8.2 ;
    %load/vec4 v000000000091f6b0_0;
    %pad/u 8;
    %ix/vec4 4;
    %load/vec4a v000000000086db40, 4;
    %load/vec4 v000000000086daa0_0;
    %pad/u 8;
    %ix/vec4 4;
    %load/vec4a v000000000086db40, 4;
    %cmp/u;
    %flag_get/vec4 4;
    %flag_get/vec4 5;
    %or;
    %load/vec4 v000000000091f6b0_0;
    %pad/u 8;
    %ix/vec4 4;
    %load/vec4a v000000000086db40, 4;
    %load/vec4 v00000000009201f0_0;
    %pad/u 8;
    %ix/vec4 4;
    %load/vec4a v000000000086db40, 4;
    %cmp/u;
    %flag_get/vec4 4;
    %flag_get/vec4 5;
    %or;
    %and;
    %load/vec4 v000000000091f6b0_0;
    %pad/u 8;
    %ix/vec4 4;
    %load/vec4a v000000000086db40, 4;
    %load/vec4 v000000000091f930_0;
    %pad/u 8;
    %ix/vec4 4;
    %load/vec4a v000000000086db40, 4;
    %cmp/u;
    %flag_get/vec4 4;
    %flag_get/vec4 5;
    %or;
    %and;
    %flag_set/vec4 8;
    %jmp/0xz  T_8.4, 8;
    %load/vec4 v000000000091f6b0_0;
    %store/vec4 v000000000091f1b0_0, 0, 6;
    %jmp T_8.5;
T_8.4 ;
    %load/vec4 v000000000091f930_0;
    %store/vec4 v000000000091f1b0_0, 0, 6;
T_8.5 ;
T_8.3 ;
T_8.1 ;
    %jmp T_8;
    .thread T_8, $push;
    .scope S_00000000008b16c0;
T_9 ;
    %wait E_00000000008c1a00;
    %load/vec4 v000000000086daa0_0;
    %pad/u 8;
    %ix/vec4 4;
    %load/vec4a v000000000086db40, 4;
    %pad/u 10;
    %load/vec4 v00000000009201f0_0;
    %pad/u 8;
    %ix/vec4 4;
    %load/vec4a v000000000086db40, 4;
    %pad/u 10;
    %add;
    %load/vec4 v000000000091f6b0_0;
    %pad/u 8;
    %ix/vec4 4;
    %load/vec4a v000000000086db40, 4;
    %pad/u 10;
    %add;
    %load/vec4 v000000000091f930_0;
    %pad/u 8;
    %ix/vec4 4;
    %load/vec4a v000000000086db40, 4;
    %pad/u 10;
    %add;
    %store/vec4 v0000000000920010_0, 0, 10;
    %jmp T_9;
    .thread T_9, $push;
    .scope S_00000000008b16c0;
T_10 ;
    %wait E_00000000008c2340;
    %load/vec4 v0000000000920290_0;
    %dup/vec4;
    %pushi/vec4 0, 0, 2;
    %cmp/u;
    %jmp/1 T_10.0, 6;
    %dup/vec4;
    %pushi/vec4 1, 0, 2;
    %cmp/u;
    %jmp/1 T_10.1, 6;
    %dup/vec4;
    %pushi/vec4 2, 0, 2;
    %cmp/u;
    %jmp/1 T_10.2, 6;
    %dup/vec4;
    %pushi/vec4 3, 0, 2;
    %cmp/u;
    %jmp/1 T_10.3, 6;
    %jmp T_10.4;
T_10.0 ;
    %load/vec4 v000000000086d820_0;
    %cmpi/e 1, 0, 1;
    %jmp/0xz  T_10.5, 4;
    %load/vec4 v000000000086d0a0_0;
    %load/vec4 v000000000086d3c0_0;
    %pad/u 8;
    %ix/vec4 3;
    %ix/load 4, 0, 0; Constant delay
    %assign/vec4/a/d v000000000086db40, 0, 4;
T_10.5 ;
    %jmp T_10.4;
T_10.1 ;
    %load/vec4 v000000000091f250_0;
    %dup/vec4;
    %pushi/vec4 5, 0, 4;
    %cmp/u;
    %jmp/1 T_10.7, 6;
    %dup/vec4;
    %pushi/vec4 6, 0, 4;
    %cmp/u;
    %jmp/1 T_10.8, 6;
    %dup/vec4;
    %pushi/vec4 7, 0, 4;
    %cmp/u;
    %jmp/1 T_10.9, 6;
    %dup/vec4;
    %pushi/vec4 8, 0, 4;
    %cmp/u;
    %jmp/1 T_10.10, 6;
    %dup/vec4;
    %pushi/vec4 9, 0, 4;
    %cmp/u;
    %jmp/1 T_10.11, 6;
    %dup/vec4;
    %pushi/vec4 10, 0, 4;
    %cmp/u;
    %jmp/1 T_10.12, 6;
    %dup/vec4;
    %pushi/vec4 11, 0, 4;
    %cmp/u;
    %jmp/1 T_10.13, 6;
    %jmp T_10.14;
T_10.7 ;
    %load/vec4 v000000000091fb10_0;
    %pad/u 8;
    %ix/vec4 4;
    %load/vec4a v000000000086db40, 4;
    %load/vec4 v000000000086daa0_0;
    %pad/u 8;
    %ix/vec4 3;
    %ix/load 4, 0, 0; Constant delay
    %assign/vec4/a/d v000000000086db40, 0, 4;
    %load/vec4 v000000000091fb10_0;
    %pad/u 8;
    %ix/vec4 4;
    %load/vec4a v000000000086db40, 4;
    %load/vec4 v00000000009201f0_0;
    %pad/u 8;
    %ix/vec4 3;
    %ix/load 4, 0, 0; Constant delay
    %assign/vec4/a/d v000000000086db40, 0, 4;
    %load/vec4 v000000000091fb10_0;
    %pad/u 8;
    %ix/vec4 4;
    %load/vec4a v000000000086db40, 4;
    %load/vec4 v000000000091f6b0_0;
    %pad/u 8;
    %ix/vec4 3;
    %ix/load 4, 0, 0; Constant delay
    %assign/vec4/a/d v000000000086db40, 0, 4;
    %load/vec4 v000000000091fb10_0;
    %pad/u 8;
    %ix/vec4 4;
    %load/vec4a v000000000086db40, 4;
    %load/vec4 v000000000091f930_0;
    %pad/u 8;
    %ix/vec4 3;
    %ix/load 4, 0, 0; Constant delay
    %assign/vec4/a/d v000000000086db40, 0, 4;
    %jmp T_10.14;
T_10.8 ;
    %load/vec4 v000000000091f1b0_0;
    %pad/u 8;
    %ix/vec4 4;
    %load/vec4a v000000000086db40, 4;
    %load/vec4 v000000000086daa0_0;
    %pad/u 8;
    %ix/vec4 3;
    %ix/load 4, 0, 0; Constant delay
    %assign/vec4/a/d v000000000086db40, 0, 4;
    %load/vec4 v000000000091f1b0_0;
    %pad/u 8;
    %ix/vec4 4;
    %load/vec4a v000000000086db40, 4;
    %load/vec4 v00000000009201f0_0;
    %pad/u 8;
    %ix/vec4 3;
    %ix/load 4, 0, 0; Constant delay
    %assign/vec4/a/d v000000000086db40, 0, 4;
    %load/vec4 v000000000091f1b0_0;
    %pad/u 8;
    %ix/vec4 4;
    %load/vec4a v000000000086db40, 4;
    %load/vec4 v000000000091f6b0_0;
    %pad/u 8;
    %ix/vec4 3;
    %ix/load 4, 0, 0; Constant delay
    %assign/vec4/a/d v000000000086db40, 0, 4;
    %load/vec4 v000000000091f1b0_0;
    %pad/u 8;
    %ix/vec4 4;
    %load/vec4a v000000000086db40, 4;
    %load/vec4 v000000000091f930_0;
    %pad/u 8;
    %ix/vec4 3;
    %ix/load 4, 0, 0; Constant delay
    %assign/vec4/a/d v000000000086db40, 0, 4;
    %jmp T_10.14;
T_10.9 ;
    %load/vec4 v0000000000920010_0;
    %parti/s 8, 2, 3;
    %load/vec4 v000000000086daa0_0;
    %pad/u 8;
    %ix/vec4 3;
    %ix/load 4, 0, 0; Constant delay
    %assign/vec4/a/d v000000000086db40, 0, 4;
    %load/vec4 v0000000000920010_0;
    %parti/s 8, 2, 3;
    %load/vec4 v00000000009201f0_0;
    %pad/u 8;
    %ix/vec4 3;
    %ix/load 4, 0, 0; Constant delay
    %assign/vec4/a/d v000000000086db40, 0, 4;
    %load/vec4 v0000000000920010_0;
    %parti/s 8, 2, 3;
    %load/vec4 v000000000091f6b0_0;
    %pad/u 8;
    %ix/vec4 3;
    %ix/load 4, 0, 0; Constant delay
    %assign/vec4/a/d v000000000086db40, 0, 4;
    %load/vec4 v0000000000920010_0;
    %parti/s 8, 2, 3;
    %load/vec4 v000000000091f930_0;
    %pad/u 8;
    %ix/vec4 3;
    %ix/load 4, 0, 0; Constant delay
    %assign/vec4/a/d v000000000086db40, 0, 4;
    %jmp T_10.14;
T_10.10 ;
    %load/vec4 v00000000009201f0_0;
    %pad/u 8;
    %ix/vec4 4;
    %load/vec4a v000000000086db40, 4;
    %load/vec4 v000000000086daa0_0;
    %pad/u 8;
    %ix/vec4 3;
    %ix/load 4, 0, 0; Constant delay
    %assign/vec4/a/d v000000000086db40, 0, 4;
    %load/vec4 v000000000091f930_0;
    %pad/u 8;
    %ix/vec4 4;
    %load/vec4a v000000000086db40, 4;
    %load/vec4 v00000000009201f0_0;
    %pad/u 8;
    %ix/vec4 3;
    %ix/load 4, 0, 0; Constant delay
    %assign/vec4/a/d v000000000086db40, 0, 4;
    %load/vec4 v000000000086daa0_0;
    %pad/u 8;
    %ix/vec4 4;
    %load/vec4a v000000000086db40, 4;
    %load/vec4 v000000000091f6b0_0;
    %pad/u 8;
    %ix/vec4 3;
    %ix/load 4, 0, 0; Constant delay
    %assign/vec4/a/d v000000000086db40, 0, 4;
    %load/vec4 v000000000091f6b0_0;
    %pad/u 8;
    %ix/vec4 4;
    %load/vec4a v000000000086db40, 4;
    %load/vec4 v000000000091f930_0;
    %pad/u 8;
    %ix/vec4 3;
    %ix/load 4, 0, 0; Constant delay
    %assign/vec4/a/d v000000000086db40, 0, 4;
    %jmp T_10.14;
T_10.11 ;
    %load/vec4 v000000000091f6b0_0;
    %pad/u 8;
    %ix/vec4 4;
    %load/vec4a v000000000086db40, 4;
    %load/vec4 v000000000086daa0_0;
    %pad/u 8;
    %ix/vec4 3;
    %ix/load 4, 0, 0; Constant delay
    %assign/vec4/a/d v000000000086db40, 0, 4;
    %load/vec4 v000000000086daa0_0;
    %pad/u 8;
    %ix/vec4 4;
    %load/vec4a v000000000086db40, 4;
    %load/vec4 v00000000009201f0_0;
    %pad/u 8;
    %ix/vec4 3;
    %ix/load 4, 0, 0; Constant delay
    %assign/vec4/a/d v000000000086db40, 0, 4;
    %load/vec4 v000000000091f930_0;
    %pad/u 8;
    %ix/vec4 4;
    %load/vec4a v000000000086db40, 4;
    %load/vec4 v000000000091f6b0_0;
    %pad/u 8;
    %ix/vec4 3;
    %ix/load 4, 0, 0; Constant delay
    %assign/vec4/a/d v000000000086db40, 0, 4;
    %load/vec4 v00000000009201f0_0;
    %pad/u 8;
    %ix/vec4 4;
    %load/vec4a v000000000086db40, 4;
    %load/vec4 v000000000091f930_0;
    %pad/u 8;
    %ix/vec4 3;
    %ix/load 4, 0, 0; Constant delay
    %assign/vec4/a/d v000000000086db40, 0, 4;
    %jmp T_10.14;
T_10.12 ;
    %load/vec4 v000000000091f6b0_0;
    %pad/u 8;
    %ix/vec4 4;
    %load/vec4a v000000000086db40, 4;
    %load/vec4 v000000000086daa0_0;
    %pad/u 8;
    %ix/vec4 3;
    %ix/load 4, 0, 0; Constant delay
    %assign/vec4/a/d v000000000086db40, 0, 4;
    %load/vec4 v000000000091f930_0;
    %pad/u 8;
    %ix/vec4 4;
    %load/vec4a v000000000086db40, 4;
    %load/vec4 v00000000009201f0_0;
    %pad/u 8;
    %ix/vec4 3;
    %ix/load 4, 0, 0; Constant delay
    %assign/vec4/a/d v000000000086db40, 0, 4;
    %load/vec4 v000000000086daa0_0;
    %pad/u 8;
    %ix/vec4 4;
    %load/vec4a v000000000086db40, 4;
    %load/vec4 v000000000091f6b0_0;
    %pad/u 8;
    %ix/vec4 3;
    %ix/load 4, 0, 0; Constant delay
    %assign/vec4/a/d v000000000086db40, 0, 4;
    %load/vec4 v00000000009201f0_0;
    %pad/u 8;
    %ix/vec4 4;
    %load/vec4a v000000000086db40, 4;
    %load/vec4 v000000000091f930_0;
    %pad/u 8;
    %ix/vec4 3;
    %ix/load 4, 0, 0; Constant delay
    %assign/vec4/a/d v000000000086db40, 0, 4;
    %jmp T_10.14;
T_10.13 ;
    %load/vec4 v00000000009201f0_0;
    %pad/u 8;
    %ix/vec4 4;
    %load/vec4a v000000000086db40, 4;
    %load/vec4 v000000000086daa0_0;
    %pad/u 8;
    %ix/vec4 3;
    %ix/load 4, 0, 0; Constant delay
    %assign/vec4/a/d v000000000086db40, 0, 4;
    %load/vec4 v000000000086daa0_0;
    %pad/u 8;
    %ix/vec4 4;
    %load/vec4a v000000000086db40, 4;
    %load/vec4 v00000000009201f0_0;
    %pad/u 8;
    %ix/vec4 3;
    %ix/load 4, 0, 0; Constant delay
    %assign/vec4/a/d v000000000086db40, 0, 4;
    %load/vec4 v000000000091f930_0;
    %pad/u 8;
    %ix/vec4 4;
    %load/vec4a v000000000086db40, 4;
    %load/vec4 v000000000091f6b0_0;
    %pad/u 8;
    %ix/vec4 3;
    %ix/load 4, 0, 0; Constant delay
    %assign/vec4/a/d v000000000086db40, 0, 4;
    %load/vec4 v000000000091f6b0_0;
    %pad/u 8;
    %ix/vec4 4;
    %load/vec4a v000000000086db40, 4;
    %load/vec4 v000000000091f930_0;
    %pad/u 8;
    %ix/vec4 3;
    %ix/load 4, 0, 0; Constant delay
    %assign/vec4/a/d v000000000086db40, 0, 4;
    %jmp T_10.14;
T_10.14 ;
    %pop/vec4 1;
    %jmp T_10.4;
T_10.2 ;
    %jmp T_10.4;
T_10.3 ;
    %load/vec4 v000000000086d780_0;
    %cmpi/e 1, 0, 1;
    %jmp/0xz  T_10.15, 4;
    %load/vec4 v000000000091fbb0_0;
    %pad/u 8;
    %ix/vec4 4;
    %load/vec4a v000000000086db40, 4;
    %assign/vec4 v000000000086cec0_0, 0;
T_10.15 ;
    %jmp T_10.4;
T_10.4 ;
    %pop/vec4 1;
    %jmp T_10;
    .thread T_10;
    .scope S_00000000008b16c0;
T_11 ;
    %wait E_00000000008c2340;
    %load/vec4 v000000000086d8c0_0;
    %cmpi/e 63, 0, 6;
    %jmp/0xz  T_11.0, 4;
    %pushi/vec4 1, 0, 1;
    %assign/vec4 v0000000000920f10_0, 0;
    %jmp T_11.1;
T_11.0 ;
    %pushi/vec4 0, 0, 1;
    %assign/vec4 v0000000000920f10_0, 0;
T_11.1 ;
    %jmp T_11;
    .thread T_11;
    .scope S_00000000008b1530;
T_12 ;
    %wait E_00000000008c2640;
    %vpi_call 2 177 "$readmemb", "image3.dat", v000000000086cd80 {0 0 0};
    %end;
    .thread T_12;
    .scope S_00000000008b1530;
T_13 ;
    %wait E_00000000008c2400;
    %load/vec4 v000000000086d000_0;
    %flag_set/vec4 8;
    %jmp/0xz  T_13.0, 8;
    %load/vec4 v000000000086dc80_0;
    %pad/u 8;
    %ix/vec4 4;
    %load/vec4a v000000000086cd80, 4;
    %assign/vec4 v000000000086d6e0_0, 0;
T_13.0 ;
    %jmp T_13;
    .thread T_13;
    .scope S_00000000008c7f70;
T_14 ;
    %pushi/vec4 0, 0, 32;
    %store/vec4 v000000000086d320_0, 0, 32;
T_14.0 ;
    %load/vec4 v000000000086d320_0;
    %cmpi/s 63, 0, 32;
    %flag_or 5, 4;
    %jmp/0xz T_14.1, 5;
    %pushi/vec4 0, 0, 8;
    %ix/getv/s 4, v000000000086d320_0;
    %store/vec4a v000000000086dbe0, 4, 0;
    %load/vec4 v000000000086d320_0;
    %addi 1, 0, 32;
    %store/vec4 v000000000086d320_0, 0, 32;
    %jmp T_14.0;
T_14.1 ;
    %end;
    .thread T_14;
    .scope S_00000000008c7f70;
T_15 ;
    %wait E_00000000008c2400;
    %load/vec4 v000000000086ce20_0;
    %flag_set/vec4 8;
    %jmp/0xz  T_15.0, 8;
    %load/vec4 v000000000086da00_0;
    %load/vec4 v000000000086d280_0;
    %pad/u 8;
    %ix/vec4 3;
    %ix/load 4, 0, 0; Constant delay
    %assign/vec4/a/d v000000000086dbe0, 0, 4;
T_15.0 ;
    %jmp T_15;
    .thread T_15;
    .scope S_00000000008b4be0;
T_16 ;
    %vpi_call 2 74 "$readmemh", "./cmd3.dat", v000000000091f2f0 {0 0 0};
    %end;
    .thread T_16;
    .scope S_00000000008b4be0;
T_17 ;
    %vpi_call 2 75 "$readmemh", "./tb3_goal.dat", v000000000091f390 {0 0 0};
    %end;
    .thread T_17;
    .scope S_00000000008b4be0;
T_18 ;
    %vpi_call 2 79 "$fsdbDumpfile", "LCD_CTRL.fsdb" {0 0 0};
    %vpi_call 2 80 "$fsdbDumpvars" {0 0 0};
    %vpi_call 2 81 "$fsdbDumpMDA" {0 0 0};
    %end;
    .thread T_18;
    .scope S_00000000008b4be0;
T_19 ;
    %pushi/vec4 0, 0, 1;
    %store/vec4 v0000000000920b50_0, 0, 1;
    %pushi/vec4 0, 0, 1;
    %store/vec4 v0000000000920510_0, 0, 1;
    %pushi/vec4 0, 0, 1;
    %store/vec4 v00000000009205b0_0, 0, 1;
    %pushi/vec4 0, 0, 32;
    %store/vec4 v0000000000920c90_0, 0, 32;
    %pushi/vec4 0, 0, 32;
    %store/vec4 v000000000091f070_0, 0, 32;
    %end;
    .thread T_19;
    .scope S_00000000008b4be0;
T_20 ;
    %delay 500, 0;
    %load/vec4 v0000000000920b50_0;
    %inv;
    %store/vec4 v0000000000920b50_0, 0, 1;
    %jmp T_20;
    .thread T_20;
    .scope S_00000000008b4be0;
T_21 ;
    %wait E_00000000008c2400;
    %pushi/vec4 1, 0, 1;
    %store/vec4 v0000000000920510_0, 0, 1;
    %delay 2000, 0;
    %pushi/vec4 0, 0, 1;
    %store/vec4 v0000000000920510_0, 0, 1;
    %end;
    .thread T_21;
    .scope S_00000000008b4be0;
T_22 ;
    %wait E_00000000008c2400;
    %load/vec4 v0000000000920c90_0;
    %cmpi/s 46, 0, 32;
    %jmp/0xz  T_22.0, 5;
    %load/vec4 v0000000000920a10_0;
    %nor/r;
    %flag_set/vec4 8;
    %jmp/0xz  T_22.2, 8;
    %ix/getv/s 4, v0000000000920c90_0;
    %load/vec4a v000000000091f2f0, 4;
    %store/vec4 v000000000091fcf0_0, 0, 4;
    %pushi/vec4 1, 0, 1;
    %store/vec4 v000000000091fed0_0, 0, 1;
    %load/vec4 v0000000000920c90_0;
    %addi 1, 0, 32;
    %store/vec4 v0000000000920c90_0, 0, 32;
    %jmp T_22.3;
T_22.2 ;
    %pushi/vec4 0, 0, 1;
    %store/vec4 v000000000091fed0_0, 0, 1;
T_22.3 ;
    %jmp T_22.1;
T_22.0 ;
    %load/vec4 v0000000000920c90_0;
    %store/vec4 v0000000000920c90_0, 0, 32;
    %pushi/vec4 0, 0, 1;
    %store/vec4 v000000000091fed0_0, 0, 1;
T_22.1 ;
    %jmp T_22;
    .thread T_22;
    .scope S_00000000008b4be0;
T_23 ;
    %wait E_00000000008c1e80;
    %pushi/vec4 0, 0, 32;
    %store/vec4 v000000000091f890_0, 0, 32;
T_23.0 ;
    %load/vec4 v000000000091f890_0;
    %cmpi/s 64, 0, 32;
    %jmp/0xz T_23.1, 5;
    %ix/getv/s 4, v000000000091f890_0;
    %load/vec4a v000000000086dbe0, 4;
    %ix/getv/s 4, v000000000091f890_0;
    %load/vec4a v000000000091f390, 4;
    %cmp/ne;
    %jmp/0xz  T_23.2, 6;
    %vpi_call 2 134 "$display", "ERROR at %d:output %h !=expect %h ", v000000000091f890_0, &A<v000000000086dbe0, v000000000091f890_0 >, &A<v000000000091f390, v000000000091f890_0 > {0 0 0};
    %load/vec4 v000000000091f070_0;
    %addi 1, 0, 32;
    %store/vec4 v000000000091f070_0, 0, 32;
    %jmp T_23.3;
T_23.2 ;
    %ix/getv/s 4, v000000000091f890_0;
    %load/vec4a v000000000091f390, 4;
    %cmpi/e 255, 255, 8;
    %jmp/0xz  T_23.4, 6;
    %vpi_call 2 139 "$display", "ERROR at %d:output %h !=expect %h ", v000000000091f890_0, &A<v000000000086dbe0, v000000000091f890_0 >, &A<v000000000091f390, v000000000091f890_0 > {0 0 0};
    %load/vec4 v000000000091f070_0;
    %addi 1, 0, 32;
    %store/vec4 v000000000091f070_0, 0, 32;
T_23.4 ;
T_23.3 ;
    %pushi/vec4 1, 0, 1;
    %store/vec4 v00000000009205b0_0, 0, 1;
    %load/vec4 v000000000091f890_0;
    %addi 1, 0, 32;
    %store/vec4 v000000000091f890_0, 0, 32;
    %jmp T_23.0;
T_23.1 ;
    %load/vec4 v000000000091f070_0;
    %pushi/vec4 0, 0, 32;
    %cmp/e;
    %flag_get/vec4 6;
    %load/vec4 v00000000009205b0_0;
    %pushi/vec4 1, 0, 1;
    %cmp/e;
    %flag_get/vec4 6;
    %and;
    %flag_set/vec4 8;
    %jmp/0xz  T_23.6, 8;
    %vpi_call 2 146 "$display", "All data have been generated successfully!\012" {0 0 0};
    %vpi_call 2 147 "$display", "-------------------PASS-------------------\012" {0 0 0};
    %delay 1000, 0;
    %vpi_call 2 148 "$finish" {0 0 0};
    %jmp T_23.7;
T_23.6 ;
    %load/vec4 v00000000009205b0_0;
    %cmpi/e 1, 0, 1;
    %jmp/0xz  T_23.8, 6;
    %vpi_call 2 152 "$display", "There are %d errors!\012", v000000000091f070_0 {0 0 0};
    %vpi_call 2 153 "$display", "---------------------------------------------\012" {0 0 0};
    %delay 1000, 0;
    %vpi_call 2 154 "$finish" {0 0 0};
T_23.8 ;
T_23.7 ;
    %end;
    .thread T_23;
# The file index is used to find the file name in the following table.
:file_names 4;
    "N/A";
    "<interactive>";
    ".\testfixture.v";
    "./LCD_CTRL.v";
