 
****************************************
Report : area
Design : LCD_CTRL
Version: H-2013.03-SP5
Date   : Sat May 23 17:34:55 2020
****************************************

Library(s) Used:

    slow (File: /usr/cad/CBDK_IC_Contest_v2.1/SynopsysDC/db/slow.db)

Number of ports:                           39
Number of nets:                          6012
Number of cells:                         5955
Number of combinational cells:           5405
Number of sequential cells:               547
Number of macros/black boxes:               0
Number of buf/inv:                        937
Number of references:                     166

Combinational area:              82676.957896
Buf/Inv area:                     7594.167573
Noncombinational area:           15008.410610
Macro/Black Box area:                0.000000
Net Interconnect area:          999698.336121

Total cell area:                 97685.368506
Total area:                    1097383.704627
1
