ncsim 11.10-s072
Linux 2.6.18-238.el5 #1 SMP Sun Dec 19 14:22:44 EST 2010 x86_64
CPU cores: 24
Limit information:
======================================
cputime			unlimited
filesize		unlimited
datasize		unlimited
stacksize		10240 kbytes
coredumpsize	0 kbytes
memoryuse		unlimited
vmemoryuse		unlimited
descriptors		1024
memorylocked	32 kbytes
maxproc			81920
======================================
(Special)Runtime environment variables:

Runtime environment variables:
REMOTEHOST=dics03.ee.yuntech.edu.tw
MANPATH=/usr/cad/synopsys/primepower/cur/doc/pp/man:/usr/cad/synopsys/primepower/cur/doc/pt/man:/usr/cad/synopsys/pathmill/cur/doc/pm/man:/usr/cad/synopsys/pathmill/cur/doc/amps/man:/usr/cad/synopsys/nanosim/cur/doc/ns/man:/usr/cad/synopsys/synthesis/cur/doc/syn/man
TMIARCH=RH
SYNOPSYS_TMAX=/usr/cad/synopsys/tmax/cur
XLOCALEDIR=/usr/cad/synopsys/astro/cur/etc/locale
HOSTNAME=DICS59
XKEYSYMDB=/usr/cad/synopsys/astro/cur/etc/XKeysymDB
HOST=DICS59
TERM=xterm
SHELL=/bin/csh
ossSimUserSiDir=/usr/cad/agilent/ads/cur/idf/ads_site/si
SSH_CLIENT=140.125.44.63 2656 22
DESIGNWARE_HOME=/cad/synopsys_sun/dw_home/cur
LAKER_PDK_DIR=/usr/cad/TSMC_Process/MSICS/TSMC18/T018MMSP001G1
CDS_LOAD_ENV=CSF
HSP_GCC_VERSION=4.7.2
MGC_LOCATION_MAP=NO_MAP
VERA_HOME=/usr/cad/synopsys/vera/cur/cur
SSH_TTY=/dev/pts/2
HSP_HOME=/usr/cad/synopsys/hspice/cur/hspice
GROUP=DICS
USER=B10512133
LD_LIBRARY_PATH=/usr/cad/CIC/GLIBCXX/3.4.10:/usr/cad/synopsys/cosmos_scope/cur/CosmosScope/bin:/usr/cad/synopsys/verdi/cur/share/PLI/IUS/LINUX/:/usr/cad/synopsys/hspice/cur/hspice/amd64/interfaces:/usr/cad/silvaco/analog/cur/lib/smartview/2.24.14.R/x86_64-linux::/usr/cad/cadence/IC/cur51.41.151/tools/lib:/usr/cad/cadence/EDI/cur10.13.005//tools/tlfUtil/lib:/usr/cad/cadence/INCISIV/cur/tools/lib:/usr/cad/cadence/INCISIV/cur/tools/vtools/vfault/lib:/usr/cad/cadence/EXT/cur/tools/lib:/usr/cad/cadence/CONFRML/cur/tools/lib:/usr/cad/cadence/NEOCIRCUIT/cur/tools/NeoCircuit/lib.linux:/usr/cad/cadence/MMSIM/cur/tools/lib:/usr/cad/cadence/ASSURA/cur/tools/assura/lib:/usr/cad/cadence/ASSURA/cur/tools/dsm/lib:/usr/cad/cadence/ASSURA/cur/tools/lib:/usr/openwin/lib:/usr/dt/lib:/usr/lib:/usr/local/lib:/usr/cad/synopsys/vera/cur/cur/lib
LS_COLORS=no=00:fi=00:di=00;34:ln=00;36:pi=40;33:so=00;35:bd=40;33;01:cd=40;33;01:or=01;05;37;41:mi=01;05;37;41:ex=00;32:*.cmd=00;32:*.exe=00;32:*.com=00;32:*.btm=00;32:*.bat=00;32:*.sh=00;32:*.csh=00;32:*.tar=00;31:*.tgz=00;31:*.arj=00;31:*.taz=00;31:*.lzh=00;31:*.zip=00;31:*.z=00;31:*.Z=00;31:*.gz=00;31:*.bz2=00;31:*.bz=00;31:*.tz=00;31:*.rpm=00;31:*.cpio=00;31:*.jpg=00;35:*.gif=00;35:*.bmp=00;35:*.xbm=00;35:*.xpm=00;35:*.png=00;35:*.tif=00;35:
XPEDION=/usr/cad/agilent/gg/cur
synopsys_root=/usr/cad/synopsys/pathmill/cur
installdir=/usr/cad/synopsys/hspice/cur/hspice
XPEDION_CADENCE_VERSION=510
HOSTTYPE=x86_64-linux
ENCOUNTER=/usr/cad/cadence/EDI/cur10.13.005/tools/fe
CMIARCH=RH
MAIL=/var/spool/mail/B10512133
PATH=/usr/cad/synopsys/spice_explorer/cur/bin:/usr/cad/synopsys/cosmos_scope/cur/ai_bin:/usr/cad/synopsys/verdi/cur/bin:/usr/cad/synopsys/verdi/cur/nLint/bin:/usr/cad/synopsys/laker/cur/bin:/usr/cad/synopsys/adp/cur/bin:/usr/bin/X11:/usr/cad/synopsys/primetime/cur/amd64/syn/bin:/usr/bin/X11:/usr/cad/synopsys/primepower/cur/bin:/usr/cad/synopsys/star-rcxt/cur/bin:/usr/cad/synopsys/pathmill/cur/amd64/pm/bin:/usr/cad/synopsys/vcs-mx/cur/bin:/usr/cad/synopsys/vcs-mx/cur/linux/bin:/usr/cad/synopsys/vcs-mx/cur/linux/util:/usr/cad/synopsys/vcs-mx/cur/linux/flexlm:/usr/cad/synopsys/vcs/cur/bin:/usr/cad/synopsys/vcs/cur/linux/bin:/usr/cad/synopsys/vcs/cur/linux/util:/usr/cad/synopsys/vcs/cur/linux/flexlm:/usr/cad/synopsys/nanosim/cur/bin:/usr/cad/synopsys/nanosim/cur/linux/ns/bin:/usr/bin/X11:/usr/cad/synopsys/synthesis/cur/amd64/syn/bin:/usr/cad/synopsys/vera/cur/cur/bin:/usr/cad/synopsys/tmax/cur/bin:/usr/cad/synopsys/icc/cur/amd64/syn/bin:/usr/cad/synopsys/hercules/cur/bin/AMD.64:/usr/cad/synopsys/formality/cur/bin:/usr/cad/synopsys/customexplorer/cur/bin:/usr/cad/synopsys/hspice/cur/hspice/bin:/usr/cad/synopsys/hspice/cur/hspice/GNU/rhel/gcc-4.7.2/bin:/usr/cad/synopsys/hspice/cur/hspice/amd64:/usr/bin:/usr/ucb/bin:/usr/cad/synopsys/astro/cur/bin/AMD.64:/usr/cad/agilent/ADS2013_06/bin:/usr/cad/cadence/IC/cur/bin:/usr/cad/agilent/ads/cur/bin:/usr/cad/agilent/ads/cur/tools/bin:/usr/cad/agilent/gg/cur/aa:/usr/cad/agilent/gg/cur/bin:/usr/cad/agilent/ads/cur/bin:/usr/cad/mentor/calibre/cur/bin:/usr/cad/mentor/adms/cur/bin:/usr/cad/mentor/adms/cur/modeltech/bin:/usr/cad/cadence/IC/cur51.41.151/tools/dfII/bin:/usr/cad/cadence/IC/cur51.41.151/tools/dracula/bin:/usr/cad/cadence/IC/cur51.41.151/tools/bin:/usr/cad/cadence/EDI/cur10.13.005/tools/celtic/bin:/usr/cad/cadence/EDI/cur10.13.005/tools/plato/bin:/usr/cad/cadence/EDI/cur10.13.005/tools/dfII/bin:/usr/cad/cadence/EDI/cur10.13.005/tools/fe/bin:/usr/cad/cadence/EDI/cur10.13.005/tools/cdsdoc/bin:/usr/cad/cadence/EDI/cur10.13.005/tools/bin:/usr/cad/cadence/EDI/cur10.13.005//tools/tlfUtil/bin:/usr/cad/cadence/INCISIV/cur/tools/bin:/usr/cad/cadence/INCISIV/cur/tools/vtools/vfault/bin:/usr/cad/cadence/INCISIV/cur/tools/dfII/bin:/usr/cad/cadence/EXT/cur/tools/bin:/usr/cad/cadence/CONFRML/cur/./bin:/usr/cad/cadence/CONFRML/cur/tools/bin:/usr/cad/cadence/NEOCIRCUIT/cur/tools/NeoCircuit/bin:bin.linux:/usr/cad/cadence/MMSIM/cur/tools/dfII/bin:/usr/cad/cadence/MMSIM/cur/tools/bin:/usr/cad/cadence/ASSURA/cur/tools/assura/bin:/usr/cad/cadence/ASSURA/cur/tools/dsm/bin:/usr/cad/cadence/ASSURA/cur/tools/bin:/usr/cad/cadence/ASSURA/cur/tools/dfII/bin:/usr/cad/MATLAB/MATLAB_Production_Server/R2013a/bin:/usr/kerberos/bin:/usr/local/bin:/bin:/usr/bin:/usr/X11R6/bin:/user/cad/silvaco/2010.00/bin:/usr/cad/silvaco/analog/cur/bin:/usr/cad/silvaco/analog/cur/bin:/usr/cad/silvaco/OnlyForCIC/cur/bin:/cad/synopsys_sun/dw_home/cur/bin:/home/DICS/B10512133/git/bin:/home/DICS/B10512133/git/libexec/git-core
PRIMEPOWER=/usr/cad/synopsys/primepower/cur
OAHOME=/usr/cad/cadence/EDI/cur10.13.005/oa_v22.41.013
INPUTRC=/etc/inputrc
PWD=/home/DICS/B10512133/CIC_partice/CIC_2018_univ
VCS_HOME=/usr/cad/synopsys/vcs-mx/cur
ossSimUserHnlDir=/usr/cad/agilent/ads/cur/idf/ads_site/hnl
Laker_TCL_ToolBox=1
SYNTHESIS=/usr/cad/synopsys/synthesis/cur
AGILEESOFD_LICENSE_FILE=1900@lscic3.cic.org.tw
VERPLEX_HOME=/usr/cad/cadence/CONFRML/cur
OA_HOME=/usr/cad/cadence/EDI/cur10.13.005/oa_v22.41.013
VCS_CC=gcc
CDSHOME=/usr/cad/cadence/IC/cur
PRIMETIME=/usr/cad/synopsys/primetime/cur
SYNOPSYS=/usr/cad/synopsys/synthesis/cur
CDS_Netlisting_Mode=Analog
LM_LICENSE_FILE=26585@lsnctu:1900@lscic.cic.org.tw:1717@lsnchu:5280@lscic:5280@lsntu:5280@lsncku:
SSH_ASKPASS=/usr/libexec/openssh/gnome-ssh-askpass
HSP_GCC=/usr/cad/synopsys/hspice/cur/hspice/GNU/rhel/gcc-4.7.2/bin/gcc -m64 
SHLVL=2
HOME=/home/DICS/B10512133
OSTYPE=linux
Laker_TCL_L3=1
FORMALITY=/usr/cad/synopsys/formality/cur
MGC_HOME=/usr/cad/mentor/calibre/cur
SNPS_64=1
SNPS_PLATFORM=amd64
HPEESOF_DIR=/usr/cad/agilent/ADS2013_06
MGC_TMPDIR=/tmp
VENDOR=unknown
MGC_AMS_HOME=/usr/cad/mentor/adms/cur
MACHTYPE=x86_64
LOGNAME=B10512133
NEOCKTHOME=/usr/cad/cadence/NEOCIRCUIT/cur/tools/NeoCircuit
SSH_CONNECTION=140.125.44.63 2656 140.125.44.59 22
mraarch=amd64
SFLM_SERVERS=lscic2
LESSOPEN=|/usr/bin/lesspipe.sh %s
SHLIB_PATH=/usr/cad/synopsys/verdi/cur/share/PLI/IUS/LINUX
ARCH=amd64
DISPLAY=localhost:11.0
SYN_MAN_DIR=/usr/cad/synopsys/synthesis/cur/doc/syn/man
SNPS_SIMIF=/usr/cad/synopsys/nanosim/cur
ASSURAHOME=/usr/cad/cadence/ASSURA/cur
G_BROKEN_FILENAMES=1
_=/usr/cad/cadence/INCISIV/cur/tools/bin/ncverilog
/home/DICS/B10512133/CIC_partice/CIC_2018_univ/INCA_libs/irun.lnx86.11.10.nc/svpp.ts
CDS_ARCH=lnx86
NCRUNMODE=ncverilog:./INCA_libs/irun.lnx86.11.10.nc
IRUNBATCH=FALSE
TCL_LIBRARY=/usr/cad/cadence/INCISIV/cur/tools/inca/files/tcl/library
Runtime command line arguments:
argv[0]=ncverilog
argv[1]=testfixture.v
argv[2]=LCD_CTRL.v
argv[3]=+define+tb1
argv[4]=+access+r
109 profile - 100
          CPU/Mem usage: 0.030 sys,  0.080 user,  43.96M sys,  0.00M vm
110 VC callback profile - scalar:0 vector:0
111 Sat May 23 14:19:11 2020
112 pliAppInit
113 *Verdi3* : Enable Parallel Dumping.
114 pliAppMiscSet: New Sim Round
115 LIBSSCORE=found /usr/cad/synopsys/verdi/cur/share/PLI/IUS/LINUX/libsscore_ius111.so through $LD_LIBRARY_PATH setting.
116 argv[0]: LCD_CTRL.fsdb
117 Catch signal 11. Stack trace follows:
#0  0xffffe410 in __kernel_vsyscall ()
#1  0x00418c63 in __read_nocancel () from /lib/libc.so.6
#2  0x003b8f68 in _IO_file_read_internal () from /lib/libc.so.6
#3  0x003ba2c0 in _IO_new_file_underflow () from /lib/libc.so.6
#4  0x003ba9bb in _IO_default_uflow_internal () from /lib/libc.so.6
#5  0x003bbd2d in __uflow () from /lib/libc.so.6
#6  0x003af6b6 in _IO_getline_info_internal () from /lib/libc.so.6
#7  0x003af601 in _IO_getline_internal () from /lib/libc.so.6
#8  0x003ae57a in fgets () from /lib/libc.so.6
#9  0xf72ad2b9 in ndpGetCallStack () from /usr/cad/synopsys/verdi/cur/share/PLI/IUS/LINUX/libsscore_ius111.so
#10 0xf72d6763 in pliAppDbg_SigHandler () from /usr/cad/synopsys/verdi/cur/share/PLI/IUS/LINUX/libsscore_ius111.so
#11 0xf72acdf1 in catchSignalCB () from /usr/cad/synopsys/verdi/cur/share/PLI/IUS/LINUX/libsscore_ius111.so
#12 <signal handler called>
#13 0x0ab492ea in ?? ()
#14 0x0ab492e0 in ?? ()
#15 0x00000000 in ?? ()
118 FSDB Dumper for IUS, Release Verdi3_2013.07, Linux, 07/04/2013
119 (C) 1996 - 2013 by Synopsys, Inc.
120 sps_call_fsdbDumpfile at 0 : /home/DICS/B10512133/CIC_partice/CIC_2018_univ/testfixture.v(79)
121 argv[0]: LCD_CTRL.fsdb
122 *Verdi3* FSDB WARNING: The FSDB file already exists. Overwriting the FSDB file may crash the programs that are using this file.
123 *Verdi3* : Create FSDB file 'LCD_CTRL.fsdb'
124 sps_call_fsdbDumpvars at 0 : /home/DICS/B10512133/CIC_partice/CIC_2018_univ/testfixture.v(80)
125 *Verdi3* : Begin traversing the scopes, layer (0).
126 *Verdi3* : End of traversing.
127 fsdbDumpvars traverse var: profile - 
          CPU/Mem usage: 0.030 sys,  0.090 user,  186.15M sys,  0.00M vm
                   incr: 0.000 sys,  0.010 user,  3.65M sys,  0.00M vm
                   accu: 0.000 sys,  0.010 user,  3.65M sys,  0.00M vm
              accu incr: 0.000 sys,  0.010 user,  3.65M sys,  0.00M vm

          Count usage: 50 var,  41 idcode,  41 callback
                 incr: 50 var,  41 idcode,  41 callback
                 accu: 50 var,  41 idcode,  41 callback
            accu incr: 50 var,  41 idcode,  41 callback
128 VC callback profile - scalar:0 vector:0
129 Sat May 23 14:19:11 2020
130 fsdbDumpvars: profile - 
          CPU/Mem usage: 0.030 sys,  0.090 user,  187.20M sys,  0.00M vm
                   incr: 0.000 sys,  0.000 user,  1.05M sys,  0.00M vm
                   accu: 0.000 sys,  0.010 user,  4.70M sys,  0.00M vm
              accu incr: 0.000 sys,  0.000 user,  1.05M sys,  0.00M vm

          Count usage: 50 var,  41 idcode,  41 callback
                 incr: 0 var,  0 idcode,  0 callback
                 accu: 50 var,  41 idcode,  41 callback
            accu incr: 0 var,  0 idcode,  0 callback
131 VC callback profile - scalar:16 vector:25
132 Sat May 23 14:19:11 2020
133 sps_call_fsdbDumpMDA at 0 : /home/DICS/B10512133/CIC_partice/CIC_2018_univ/testfixture.v(81)
134 *Verdi3* : Begin traversing the MDAs, layer (0).
135 *Verdi3* : Enable +mda and +packedmda dumping.
136 *Verdi3* : End of traversing the MDAs.
137 fsdbDumpMDA traverse var: profile - 
          CPU/Mem usage: 0.030 sys,  0.090 user,  187.38M sys,  0.00M vm
                   incr: 0.000 sys,  0.000 user,  0.17M sys,  0.00M vm
                   accu: 0.000 sys,  0.000 user,  0.17M sys,  0.00M vm
              accu incr: 0.000 sys,  0.000 user,  0.17M sys,  0.00M vm

          Count usage: 352 var,  343 idcode,  343 callback
                 incr: 302 var,  302 idcode,  302 callback
                 accu: 302 var,  302 idcode,  302 callback
            accu incr: 302 var,  302 idcode,  302 callback
138 VC callback profile - scalar:16 vector:25
139 Sat May 23 14:19:11 2020
140 fsdbDumpMDA: profile - 
          CPU/Mem usage: 0.030 sys,  0.100 user,  187.38M sys,  0.00M vm
                   incr: 0.000 sys,  0.010 user,  0.00M sys,  0.00M vm
                   accu: 0.000 sys,  0.010 user,  0.17M sys,  0.00M vm
              accu incr: 0.000 sys,  0.010 user,  0.00M sys,  0.00M vm

          Count usage: 352 var,  343 idcode,  343 callback
                 incr: 0 var,  0 idcode,  0 callback
                 accu: 302 var,  302 idcode,  302 callback
            accu incr: 0 var,  0 idcode,  0 callback
141 VC callback profile - scalar:16 vector:327
142 Sat May 23 14:19:11 2020
143 End of simulation at 133500
144 VC callback profile - scalar:582 vector:1174
145 Sat May 23 14:19:11 2020
146 Parallel profile    -  Flush:2 ProduceWait:0 ConsumerWait:0 BlockUsed:0
147 SimExit
148 Sim process exit
