 
****************************************
Report : timing
        -path full
        -delay max
        -max_paths 1
Design : LCD_CTRL
Version: H-2013.03-SP5
Date   : Sun Sep  6 14:48:36 2020
****************************************

Operating Conditions: slow   Library: slow
Wire Load Model Mode: top

  Startpoint: P0_reg[1] (rising edge-triggered flip-flop clocked by clk)
  Endpoint: ImageBuffer_reg[49][4]
            (rising edge-triggered flip-flop clocked by clk)
  Path Group: clk
  Path Type: max

  Des/Clust/Port     Wire Load Model       Library
  ------------------------------------------------
  LCD_CTRL           tsmc13_wl10           slow

  Point                                    Incr       Path
  -----------------------------------------------------------
  clock clk (rise edge)                    0.00       0.00
  clock network delay (ideal)              0.50       0.50
  P0_reg[1]/CK (DFFHQX8)                   0.00       0.50 r
  P0_reg[1]/Q (DFFHQX8)                    0.31       0.81 f
  U4021/Y (INVX16)                         0.14       0.95 r
  U3567/Y (CLKINVX20)                      0.10       1.05 f
  U3477/Y (BUFX20)                         0.14       1.19 f
  U4714/S (CMPR22X2)                       0.15       1.34 r
  U4289/Y (INVX3)                          0.12       1.46 f
  U5103/Y (BUFX16)                         0.13       1.60 f
  U4265/Y (CLKINVX16)                      0.06       1.65 r
  U4266/Y (BUFX20)                         0.14       1.79 r
  U4715/Y (BUFX20)                         0.14       1.93 r
  U4267/Y (BUFX4)                          0.34       2.27 r
  U5618/Y (MX4XL)                          0.54       2.80 r
  U3938/Y (MX4X1)                          0.40       3.21 r
  U3998/Y (MX4X2)                          0.30       3.50 r
  U3997/Y (BUFX6)                          0.31       3.81 r
  U6144/Y (CLKINVX1)                       0.26       4.08 f
  U7221/Y (AO21X1)                         0.37       4.44 f
  U7222/Y (OAI211X1)                       0.19       4.64 r
  U3879/Y (AOI31X1)                        0.23       4.86 f
  U3878/Y (AOI211X1)                       0.35       5.21 r
  U7096/Y (NOR3BX1)                        0.21       5.41 f
  U7095/Y (CLKINVX1)                       0.16       5.57 r
  U5319/Y (AOI31X2)                        0.15       5.72 f
  U5063/Y (INVX3)                          0.17       5.89 r
  U7145/Y (AOI31X4)                        0.32       6.22 f
  U5282/Y (NAND2X8)                        0.12       6.34 r
  U4749/Y (NAND2X2)                        0.11       6.45 f
  U5065/Y (CLKMX2X6)                       0.19       6.64 f
  U4723/Y (AOI2BB1X4)                      0.19       6.83 r
  U4330/Y (CLKINVX1)                       0.16       6.98 f
  U3907/Y (CLKBUFX3)                       0.30       7.28 f
  U3739/Y (BUFX16)                         0.20       7.48 f
  U6652/Y (MX4X1)                          0.36       7.84 f
  U6649/Y (MX4X1)                          0.39       8.23 f
  U4031/Y (MX4X1)                          0.38       8.61 f
  U4549/Y (AOI222X4)                       0.47       9.08 r
  U4030/Y (INVX12)                         0.07       9.15 f
  U3554/Y (CLKINVX20)                      0.07       9.22 r
  U3556/Y (CLKINVX20)                      0.10       9.32 f
  U3449/Y (AOI211XL)                       0.49       9.81 r
  U7677/Y (OAI21XL)                        0.27      10.08 f
  ImageBuffer_reg[49][4]/D (DFFQX2)        0.00      10.08 f
  data arrival time                                  10.08

  clock clk (rise edge)                   10.00      10.00
  clock network delay (ideal)              0.50      10.50
  clock uncertainty                       -0.10      10.40
  ImageBuffer_reg[49][4]/CK (DFFQX2)       0.00      10.40 r
  library setup time                      -0.32      10.08
  data required time                                 10.08
  -----------------------------------------------------------
  data required time                                 10.08
  data arrival time                                 -10.08
  -----------------------------------------------------------
  slack (MET)                                         0.00


1
